#
# There is insufficient memory for the Java Runtime Environment to continue.
# Native memory allocation (malloc) failed to allocate 32744 bytes. Error detail: ChunkPool::allocate
# Possible reasons:
#   The system is out of physical RAM or swap space
#   This process is running with CompressedOops enabled, and the Java Heap may be blocking the growth of the native heap
# Possible solutions:
#   Reduce memory load on the system
#   Increase physical memory or swap space
#   Check if swap backing store is full
#   Decrease Java heap size (-Xmx/-Xms)
#   Decrease number of Java threads
#   Decrease Java thread stack sizes (-Xss)
#   Set larger code cache with -XX:ReservedCodeCacheSize=
#   JVM is running with Zero Based Compressed Oops mode in which the Java heap is
#     placed in the first 32GB address space. The Java Heap base address is the
#     maximum limit for the native heap growth. Please use -XX:HeapBaseMinAddress
#     to set the Java Heap base and to place the Java Heap above 32GB virtual address.
# This output file may be truncated or incomplete.
#
#  Out of Memory Error (arena.cpp:79), pid=3936, tid=956
#
# JRE version: OpenJDK Runtime Environment Corretto-17.0.11.9.1 (17.0.11+9) (build 17.0.11+9-LTS)
# Java VM: OpenJDK 64-Bit Server VM Corretto-17.0.11.9.1 (17.0.11+9-LTS, mixed mode, emulated-client, sharing, tiered, compressed oops, compressed class ptrs, g1 gc, windows-amd64)
# No core dump will be written. Minidumps are not enabled by default on client versions of Windows
#

---------------  S U M M A R Y ------------

Command Line: -XX:TieredStopAtLevel=1 -Dspring.output.ansi.enabled=always -Dcom.sun.management.jmxremote -Dspring.jmx.enabled=true -Dspring.liveBeansView.mbeanDomain -Dspring.application.admin.enabled=true -Dmanagement.endpoints.jmx.exposure.include=* -javaagent:C:\Program Files\JetBrains\IntelliJ IDEA 2024.3.1\lib\idea_rt.jar=65128:C:\Program Files\JetBrains\IntelliJ IDEA 2024.3.1\bin -Dfile.encoding=UTF-8 net.achraf.activite2.Activite2Application

Host: Intel(R) Core(TM) i7-8665U CPU @ 1.90GHz, 8 cores, 15G,  Windows 11 , 64 bit Build 26100 (10.0.26100.3912)
Time: Fri May 16 21:01:37 2025 Maroc (heure d64 bit Build 26100 (10.0.26100.3912) elapsed time: 16.915853 seconds (0d 0h 0m 16s)

---------------  T H R E A D  ---------------

Current thread (0x00000124fa74a370):  JavaThread "C1 CompilerThread1" daemon [_thread_in_native, id=956, stack(0x0000001225700000,0x0000001225800000)]


Current CompileTask:
C1:  16915 1796       1       org.springframework.boot.context.properties.source.DefaultPropertyMapper::map (53 bytes)

Stack: [0x0000001225700000,0x0000001225800000]
Native frames: (J=compiled Java code, j=interpreted, Vv=VM code, C=native code)
V  [jvm.dll+0x67d009]
V  [jvm.dll+0x83489a]
V  [jvm.dll+0x83635e]
V  [jvm.dll+0x8369c3]
V  [jvm.dll+0x2479df]
V  [jvm.dll+0xac731]
V  [jvm.dll+0xacb7c]
V  [jvm.dll+0x18f420]
V  [jvm.dll+0x135b8d]
V  [jvm.dll+0x135df0]
V  [jvm.dll+0x1360b6]
V  [jvm.dll+0x13554a]
V  [jvm.dll+0x137201]
V  [jvm.dll+0x22920d]
V  [jvm.dll+0x2273dc]
V  [jvm.dll+0x7e9a07]
V  [jvm.dll+0x7e3e0a]
V  [jvm.dll+0x67bef5]
C  [ucrtbase.dll+0x37b0]
C  [KERNEL32.DLL+0x2e8d7]
C  [ntdll.dll+0x9c5dc]


---------------  P R O C E S S  ---------------

Threads class SMR info:
_java_thread_list=0x00000124ff6a8190, length=17, elements={
0x00000124e39102b0, 0x00000124f7d2c740, 0x00000124f7d2d300, 0x00000124f7d3c080,
0x00000124f7d3cc40, 0x00000124f7d41720, 0x00000124f7d43980, 0x00000124f7d46a90,
0x00000124f7d47490, 0x00000124f7d42f60, 0x00000124fa74a370, 0x00000124f7d448b0,
0x00000124f7d44dc0, 0x00000124f7d457e0, 0x00000124f7d43470, 0x00000124f7d43e90,
0x00000124f7d45cf0
}

Java Threads: ( => current thread )
  0x00000124e39102b0 JavaThread "main" [_thread_in_Java, id=2384, stack(0x0000001224700000,0x0000001224800000)]
  0x00000124f7d2c740 JavaThread "Reference Handler" daemon [_thread_blocked, id=12588, stack(0x0000001224e00000,0x0000001224f00000)]
  0x00000124f7d2d300 JavaThread "Finalizer" daemon [_thread_blocked, id=5832, stack(0x0000001224f00000,0x0000001225000000)]
  0x00000124f7d3c080 JavaThread "Signal Dispatcher" daemon [_thread_blocked, id=13204, stack(0x0000001225000000,0x0000001225100000)]
  0x00000124f7d3cc40 JavaThread "Attach Listener" daemon [_thread_blocked, id=14180, stack(0x0000001225100000,0x0000001225200000)]
  0x00000124f7d41720 JavaThread "Service Thread" daemon [_thread_blocked, id=17592, stack(0x0000001225200000,0x0000001225300000)]
  0x00000124f7d43980 JavaThread "Monitor Deflation Thread" daemon [_thread_blocked, id=19384, stack(0x0000001225300000,0x0000001225400000)]
  0x00000124f7d46a90 JavaThread "C1 CompilerThread0" daemon [_thread_blocked, id=4856, stack(0x0000001225400000,0x0000001225500000)]
  0x00000124f7d47490 JavaThread "Sweeper thread" daemon [_thread_blocked, id=6732, stack(0x0000001225500000,0x0000001225600000)]
  0x00000124f7d42f60 JavaThread "Common-Cleaner" daemon [_thread_blocked, id=3900, stack(0x0000001225600000,0x0000001225700000)]
=>0x00000124fa74a370 JavaThread "C1 CompilerThread1" daemon [_thread_in_native, id=956, stack(0x0000001225700000,0x0000001225800000)]
  0x00000124f7d448b0 JavaThread "Monitor Ctrl-Break" daemon [_thread_in_native, id=1284, stack(0x0000001225900000,0x0000001225a00000)]
  0x00000124f7d44dc0 JavaThread "Notification Thread" daemon [_thread_blocked, id=3216, stack(0x0000001225a00000,0x0000001225b00000)]
  0x00000124f7d457e0 JavaThread "RMI TCP Accept-0" daemon [_thread_in_native, id=2948, stack(0x0000001225b00000,0x0000001225c00000)]
  0x00000124f7d43470 JavaThread "RMI TCP Connection(1)-192.168.211.1" daemon [_thread_in_native, id=6088, stack(0x0000001225d00000,0x0000001225e00000)]
  0x00000124f7d43e90 JavaThread "RMI Scheduler(0)" daemon [_thread_blocked, id=8880, stack(0x0000001225e00000,0x0000001225f00000)]
  0x00000124f7d45cf0 JavaThread "JMX server connection timeout 20" daemon [_thread_blocked, id=12068, stack(0x0000001225f00000,0x0000001226000000)]

Other Threads:
  0x00000124f7d1e230 VMThread "VM Thread" [stack: 0x0000001224d00000,0x0000001224e00000] [id=5856]
  0x00000124e3911050 WatcherThread [stack: 0x0000001225c00000,0x0000001225d00000] [id=10988]
  0x00000124e397c370 GCTaskThread "GC Thread#0" [stack: 0x0000001224800000,0x0000001224900000] [id=12888]
  0x00000124ff6bb4f0 GCTaskThread "GC Thread#1" [stack: 0x0000001226000000,0x0000001226100000] [id=8316]
  0x00000124ff6d8c50 GCTaskThread "GC Thread#2" [stack: 0x0000001226100000,0x0000001226200000] [id=14884]
  0x00000124ff6d4640 GCTaskThread "GC Thread#3" [stack: 0x0000001226200000,0x0000001226300000] [id=1520]
  0x00000124ff6d4900 GCTaskThread "GC Thread#4" [stack: 0x0000001226300000,0x0000001226400000] [id=12080]
  0x00000124ff6cf4f0 GCTaskThread "GC Thread#5" [stack: 0x0000001226400000,0x0000001226500000] [id=14564]
  0x00000124ff6cf7b0 GCTaskThread "GC Thread#6" [stack: 0x0000001226500000,0x0000001226600000] [id=18764]
  0x00000124ff738b40 GCTaskThread "GC Thread#7" [stack: 0x0000001226600000,0x0000001226700000] [id=12344]
  0x00000124e398cfc0 ConcurrentGCThread "G1 Main Marker" [stack: 0x0000001224900000,0x0000001224a00000] [id=18592]
  0x00000124e398d9e0 ConcurrentGCThread "G1 Conc#0" [stack: 0x0000001224a00000,0x0000001224b00000] [id=16528]
  0x00000124f7c4e780 ConcurrentGCThread "G1 Refine#0" [stack: 0x0000001224b00000,0x0000001224c00000] [id=14532]
  0x00000124ff73ce10 ConcurrentGCThread "G1 Refine#1" [stack: 0x0000001226700000,0x0000001226800000] [id=18452]
  0x00000124f7c50060 ConcurrentGCThread "G1 Service" [stack: 0x0000001224c00000,0x0000001224d00000] [id=14456]

Threads with active compile tasks:
C1 CompilerThread0    16991 1883       1       java.lang.reflect.Constructor::acquireConstructorAccessor (44 bytes)
C1 CompilerThread1    16991 1796       1       org.springframework.boot.context.properties.source.DefaultPropertyMapper::map (53 bytes)

VM state: not at safepoint (normal execution)

VM Mutex/Monitor currently owned by a thread: None

Heap address: 0x0000000703000000, size: 4048 MB, Compressed Oops mode: Zero based, Oop shift amount: 3

CDS archive(s) mapped at: [0x0000012480000000-0x0000012480bb0000-0x0000012480bb0000), size 12255232, SharedBaseAddress: 0x0000012480000000, ArchiveRelocationMode: 1.
Compressed class space mapped at: 0x0000012481000000-0x00000124c1000000, reserved size: 1073741824
Narrow klass base: 0x0000012480000000, Narrow klass shift: 0, Narrow klass range: 0x100000000

GC Precious Log:
 CPUs: 8 total, 8 available
 Memory: 16190M
 Large Page Support: Disabled
 NUMA Support: Disabled
 Compressed Oops: Enabled (Zero based)
 Heap Region Size: 2M
 Heap Min Capacity: 8M
 Heap Initial Capacity: 254M
 Heap Max Capacity: 4048M
 Pre-touch: Disabled
 Parallel Workers: 8
 Concurrent Workers: 2
 Concurrent Refinement Workers: 8
 Periodic GC: Disabled

Heap:
 garbage-first heap   total 260096K, used 12708K [0x0000000703000000, 0x0000000800000000)
  region size 2048K, 3 young (6144K), 1 survivors (2048K)
 Metaspace       used 10658K, committed 10944K, reserved 1114112K
  class space    used 1452K, committed 1600K, reserved 1048576K

Heap Regions: E=young(eden), S=young(survivor), O=old, HS=humongous(starts), HC=humongous(continues), CS=collection set, F=free, OA=open archive, CA=closed archive, TAMS=top-at-mark-start (previous, next)
|   0|0x0000000703000000, 0x0000000703200000, 0x0000000703200000|100%| O|  |TAMS 0x0000000703000000, 0x0000000703000000| Untracked 
|   1|0x0000000703200000, 0x0000000703400000, 0x0000000703400000|100%| O|  |TAMS 0x0000000703200000, 0x0000000703200000| Untracked 
|   2|0x0000000703400000, 0x0000000703600000, 0x0000000703600000|100%| O|  |TAMS 0x0000000703400000, 0x0000000703400000| Untracked 
|   3|0x0000000703600000, 0x0000000703800000, 0x0000000703800000|100%| O|  |TAMS 0x0000000703600000, 0x0000000703600000| Untracked 
|   4|0x0000000703800000, 0x000000070391b200, 0x0000000703a00000| 55%| O|  |TAMS 0x0000000703800000, 0x0000000703800000| Untracked 
|   5|0x0000000703a00000, 0x0000000703a00000, 0x0000000703c00000|  0%| F|  |TAMS 0x0000000703a00000, 0x0000000703a00000| Untracked 
|   6|0x0000000703c00000, 0x0000000703c00000, 0x0000000703e00000|  0%| F|  |TAMS 0x0000000703c00000, 0x0000000703c00000| Untracked 
|   7|0x0000000703e00000, 0x0000000703e00000, 0x0000000704000000|  0%| F|  |TAMS 0x0000000703e00000, 0x0000000703e00000| Untracked 
|   8|0x0000000704000000, 0x0000000704000000, 0x0000000704200000|  0%| F|  |TAMS 0x0000000704000000, 0x0000000704000000| Untracked 
|   9|0x0000000704200000, 0x0000000704200000, 0x0000000704400000|  0%| F|  |TAMS 0x0000000704200000, 0x0000000704200000| Untracked 
|  10|0x0000000704400000, 0x0000000704400000, 0x0000000704600000|  0%| F|  |TAMS 0x0000000704400000, 0x0000000704400000| Untracked 
|  11|0x0000000704600000, 0x0000000704600000, 0x0000000704800000|  0%| F|  |TAMS 0x0000000704600000, 0x0000000704600000| Untracked 
|  12|0x0000000704800000, 0x0000000704800000, 0x0000000704a00000|  0%| F|  |TAMS 0x0000000704800000, 0x0000000704800000| Untracked 
|  13|0x0000000704a00000, 0x0000000704a00000, 0x0000000704c00000|  0%| F|  |TAMS 0x0000000704a00000, 0x0000000704a00000| Untracked 
|  14|0x0000000704c00000, 0x0000000704c00000, 0x0000000704e00000|  0%| F|  |TAMS 0x0000000704c00000, 0x0000000704c00000| Untracked 
|  15|0x0000000704e00000, 0x0000000704e00000, 0x0000000705000000|  0%| F|  |TAMS 0x0000000704e00000, 0x0000000704e00000| Untracked 
|  16|0x0000000705000000, 0x0000000705000000, 0x0000000705200000|  0%| F|  |TAMS 0x0000000705000000, 0x0000000705000000| Untracked 
|  17|0x0000000705200000, 0x0000000705200000, 0x0000000705400000|  0%| F|  |TAMS 0x0000000705200000, 0x0000000705200000| Untracked 
|  18|0x0000000705400000, 0x0000000705400000, 0x0000000705600000|  0%| F|  |TAMS 0x0000000705400000, 0x0000000705400000| Untracked 
|  19|0x0000000705600000, 0x0000000705600000, 0x0000000705800000|  0%| F|  |TAMS 0x0000000705600000, 0x0000000705600000| Untracked 
|  20|0x0000000705800000, 0x0000000705800000, 0x0000000705a00000|  0%| F|  |TAMS 0x0000000705800000, 0x0000000705800000| Untracked 
|  21|0x0000000705a00000, 0x0000000705a00000, 0x0000000705c00000|  0%| F|  |TAMS 0x0000000705a00000, 0x0000000705a00000| Untracked 
|  22|0x0000000705c00000, 0x0000000705c00000, 0x0000000705e00000|  0%| F|  |TAMS 0x0000000705c00000, 0x0000000705c00000| Untracked 
|  23|0x0000000705e00000, 0x0000000705e00000, 0x0000000706000000|  0%| F|  |TAMS 0x0000000705e00000, 0x0000000705e00000| Untracked 
|  24|0x0000000706000000, 0x0000000706000000, 0x0000000706200000|  0%| F|  |TAMS 0x0000000706000000, 0x0000000706000000| Untracked 
|  25|0x0000000706200000, 0x0000000706200000, 0x0000000706400000|  0%| F|  |TAMS 0x0000000706200000, 0x0000000706200000| Untracked 
|  26|0x0000000706400000, 0x0000000706400000, 0x0000000706600000|  0%| F|  |TAMS 0x0000000706400000, 0x0000000706400000| Untracked 
|  27|0x0000000706600000, 0x0000000706600000, 0x0000000706800000|  0%| F|  |TAMS 0x0000000706600000, 0x0000000706600000| Untracked 
|  28|0x0000000706800000, 0x0000000706800000, 0x0000000706a00000|  0%| F|  |TAMS 0x0000000706800000, 0x0000000706800000| Untracked 
|  29|0x0000000706a00000, 0x0000000706a00000, 0x0000000706c00000|  0%| F|  |TAMS 0x0000000706a00000, 0x0000000706a00000| Untracked 
|  30|0x0000000706c00000, 0x0000000706c00000, 0x0000000706e00000|  0%| F|  |TAMS 0x0000000706c00000, 0x0000000706c00000| Untracked 
|  31|0x0000000706e00000, 0x0000000706e00000, 0x0000000707000000|  0%| F|  |TAMS 0x0000000706e00000, 0x0000000706e00000| Untracked 
|  32|0x0000000707000000, 0x0000000707000000, 0x0000000707200000|  0%| F|  |TAMS 0x0000000707000000, 0x0000000707000000| Untracked 
|  33|0x0000000707200000, 0x0000000707200000, 0x0000000707400000|  0%| F|  |TAMS 0x0000000707200000, 0x0000000707200000| Untracked 
|  34|0x0000000707400000, 0x0000000707400000, 0x0000000707600000|  0%| F|  |TAMS 0x0000000707400000, 0x0000000707400000| Untracked 
|  35|0x0000000707600000, 0x0000000707600000, 0x0000000707800000|  0%| F|  |TAMS 0x0000000707600000, 0x0000000707600000| Untracked 
|  36|0x0000000707800000, 0x0000000707800000, 0x0000000707a00000|  0%| F|  |TAMS 0x0000000707800000, 0x0000000707800000| Untracked 
|  37|0x0000000707a00000, 0x0000000707a00000, 0x0000000707c00000|  0%| F|  |TAMS 0x0000000707a00000, 0x0000000707a00000| Untracked 
|  38|0x0000000707c00000, 0x0000000707c00000, 0x0000000707e00000|  0%| F|  |TAMS 0x0000000707c00000, 0x0000000707c00000| Untracked 
|  39|0x0000000707e00000, 0x0000000707e00000, 0x0000000708000000|  0%| F|  |TAMS 0x0000000707e00000, 0x0000000707e00000| Untracked 
|  40|0x0000000708000000, 0x0000000708000000, 0x0000000708200000|  0%| F|  |TAMS 0x0000000708000000, 0x0000000708000000| Untracked 
|  41|0x0000000708200000, 0x0000000708200000, 0x0000000708400000|  0%| F|  |TAMS 0x0000000708200000, 0x0000000708200000| Untracked 
|  42|0x0000000708400000, 0x0000000708400000, 0x0000000708600000|  0%| F|  |TAMS 0x0000000708400000, 0x0000000708400000| Untracked 
|  43|0x0000000708600000, 0x0000000708600000, 0x0000000708800000|  0%| F|  |TAMS 0x0000000708600000, 0x0000000708600000| Untracked 
|  44|0x0000000708800000, 0x0000000708800000, 0x0000000708a00000|  0%| F|  |TAMS 0x0000000708800000, 0x0000000708800000| Untracked 
|  45|0x0000000708a00000, 0x0000000708a00000, 0x0000000708c00000|  0%| F|  |TAMS 0x0000000708a00000, 0x0000000708a00000| Untracked 
|  46|0x0000000708c00000, 0x0000000708c00000, 0x0000000708e00000|  0%| F|  |TAMS 0x0000000708c00000, 0x0000000708c00000| Untracked 
|  47|0x0000000708e00000, 0x0000000708e00000, 0x0000000709000000|  0%| F|  |TAMS 0x0000000708e00000, 0x0000000708e00000| Untracked 
|  48|0x0000000709000000, 0x0000000709000000, 0x0000000709200000|  0%| F|  |TAMS 0x0000000709000000, 0x0000000709000000| Untracked 
|  49|0x0000000709200000, 0x0000000709200000, 0x0000000709400000|  0%| F|  |TAMS 0x0000000709200000, 0x0000000709200000| Untracked 
|  50|0x0000000709400000, 0x0000000709400000, 0x0000000709600000|  0%| F|  |TAMS 0x0000000709400000, 0x0000000709400000| Untracked 
|  51|0x0000000709600000, 0x0000000709600000, 0x0000000709800000|  0%| F|  |TAMS 0x0000000709600000, 0x0000000709600000| Untracked 
|  52|0x0000000709800000, 0x0000000709800000, 0x0000000709a00000|  0%| F|  |TAMS 0x0000000709800000, 0x0000000709800000| Untracked 
|  53|0x0000000709a00000, 0x0000000709a00000, 0x0000000709c00000|  0%| F|  |TAMS 0x0000000709a00000, 0x0000000709a00000| Untracked 
|  54|0x0000000709c00000, 0x0000000709c00000, 0x0000000709e00000|  0%| F|  |TAMS 0x0000000709c00000, 0x0000000709c00000| Untracked 
|  55|0x0000000709e00000, 0x0000000709e00000, 0x000000070a000000|  0%| F|  |TAMS 0x0000000709e00000, 0x0000000709e00000| Untracked 
|  56|0x000000070a000000, 0x000000070a000000, 0x000000070a200000|  0%| F|  |TAMS 0x000000070a000000, 0x000000070a000000| Untracked 
|  57|0x000000070a200000, 0x000000070a200000, 0x000000070a400000|  0%| F|  |TAMS 0x000000070a200000, 0x000000070a200000| Untracked 
|  58|0x000000070a400000, 0x000000070a400000, 0x000000070a600000|  0%| F|  |TAMS 0x000000070a400000, 0x000000070a400000| Untracked 
|  59|0x000000070a600000, 0x000000070a600000, 0x000000070a800000|  0%| F|  |TAMS 0x000000070a600000, 0x000000070a600000| Untracked 
|  60|0x000000070a800000, 0x000000070a800000, 0x000000070aa00000|  0%| F|  |TAMS 0x000000070a800000, 0x000000070a800000| Untracked 
|  61|0x000000070aa00000, 0x000000070aa00000, 0x000000070ac00000|  0%| F|  |TAMS 0x000000070aa00000, 0x000000070aa00000| Untracked 
|  62|0x000000070ac00000, 0x000000070ac00000, 0x000000070ae00000|  0%| F|  |TAMS 0x000000070ac00000, 0x000000070ac00000| Untracked 
|  63|0x000000070ae00000, 0x000000070ae00000, 0x000000070b000000|  0%| F|  |TAMS 0x000000070ae00000, 0x000000070ae00000| Untracked 
|  64|0x000000070b000000, 0x000000070b000000, 0x000000070b200000|  0%| F|  |TAMS 0x000000070b000000, 0x000000070b000000| Untracked 
|  65|0x000000070b200000, 0x000000070b200000, 0x000000070b400000|  0%| F|  |TAMS 0x000000070b200000, 0x000000070b200000| Untracked 
|  66|0x000000070b400000, 0x000000070b400000, 0x000000070b600000|  0%| F|  |TAMS 0x000000070b400000, 0x000000070b400000| Untracked 
|  67|0x000000070b600000, 0x000000070b600000, 0x000000070b800000|  0%| F|  |TAMS 0x000000070b600000, 0x000000070b600000| Untracked 
|  68|0x000000070b800000, 0x000000070b800000, 0x000000070ba00000|  0%| F|  |TAMS 0x000000070b800000, 0x000000070b800000| Untracked 
|  69|0x000000070ba00000, 0x000000070ba00000, 0x000000070bc00000|  0%| F|  |TAMS 0x000000070ba00000, 0x000000070ba00000| Untracked 
|  70|0x000000070bc00000, 0x000000070bc00000, 0x000000070be00000|  0%| F|  |TAMS 0x000000070bc00000, 0x000000070bc00000| Untracked 
|  71|0x000000070be00000, 0x000000070be00000, 0x000000070c000000|  0%| F|  |TAMS 0x000000070be00000, 0x000000070be00000| Untracked 
|  72|0x000000070c000000, 0x000000070c000000, 0x000000070c200000|  0%| F|  |TAMS 0x000000070c000000, 0x000000070c000000| Untracked 
|  73|0x000000070c200000, 0x000000070c200000, 0x000000070c400000|  0%| F|  |TAMS 0x000000070c200000, 0x000000070c200000| Untracked 
|  74|0x000000070c400000, 0x000000070c400000, 0x000000070c600000|  0%| F|  |TAMS 0x000000070c400000, 0x000000070c400000| Untracked 
|  75|0x000000070c600000, 0x000000070c600000, 0x000000070c800000|  0%| F|  |TAMS 0x000000070c600000, 0x000000070c600000| Untracked 
|  76|0x000000070c800000, 0x000000070c800000, 0x000000070ca00000|  0%| F|  |TAMS 0x000000070c800000, 0x000000070c800000| Untracked 
|  77|0x000000070ca00000, 0x000000070ca00000, 0x000000070cc00000|  0%| F|  |TAMS 0x000000070ca00000, 0x000000070ca00000| Untracked 
|  78|0x000000070cc00000, 0x000000070cc00000, 0x000000070ce00000|  0%| F|  |TAMS 0x000000070cc00000, 0x000000070cc00000| Untracked 
|  79|0x000000070ce00000, 0x000000070ce00000, 0x000000070d000000|  0%| F|  |TAMS 0x000000070ce00000, 0x000000070ce00000| Untracked 
|  80|0x000000070d000000, 0x000000070d000000, 0x000000070d200000|  0%| F|  |TAMS 0x000000070d000000, 0x000000070d000000| Untracked 
|  81|0x000000070d200000, 0x000000070d200000, 0x000000070d400000|  0%| F|  |TAMS 0x000000070d200000, 0x000000070d200000| Untracked 
|  82|0x000000070d400000, 0x000000070d400000, 0x000000070d600000|  0%| F|  |TAMS 0x000000070d400000, 0x000000070d400000| Untracked 
|  83|0x000000070d600000, 0x000000070d600000, 0x000000070d800000|  0%| F|  |TAMS 0x000000070d600000, 0x000000070d600000| Untracked 
|  84|0x000000070d800000, 0x000000070d800000, 0x000000070da00000|  0%| F|  |TAMS 0x000000070d800000, 0x000000070d800000| Untracked 
|  85|0x000000070da00000, 0x000000070da00000, 0x000000070dc00000|  0%| F|  |TAMS 0x000000070da00000, 0x000000070da00000| Untracked 
|  86|0x000000070dc00000, 0x000000070dc00000, 0x000000070de00000|  0%| F|  |TAMS 0x000000070dc00000, 0x000000070dc00000| Untracked 
|  87|0x000000070de00000, 0x000000070de00000, 0x000000070e000000|  0%| F|  |TAMS 0x000000070de00000, 0x000000070de00000| Untracked 
|  88|0x000000070e000000, 0x000000070e000000, 0x000000070e200000|  0%| F|  |TAMS 0x000000070e000000, 0x000000070e000000| Untracked 
|  89|0x000000070e200000, 0x000000070e200000, 0x000000070e400000|  0%| F|  |TAMS 0x000000070e200000, 0x000000070e200000| Untracked 
|  90|0x000000070e400000, 0x000000070e400000, 0x000000070e600000|  0%| F|  |TAMS 0x000000070e400000, 0x000000070e400000| Untracked 
|  91|0x000000070e600000, 0x000000070e600000, 0x000000070e800000|  0%| F|  |TAMS 0x000000070e600000, 0x000000070e600000| Untracked 
|  92|0x000000070e800000, 0x000000070e800000, 0x000000070ea00000|  0%| F|  |TAMS 0x000000070e800000, 0x000000070e800000| Untracked 
|  93|0x000000070ea00000, 0x000000070ea00000, 0x000000070ec00000|  0%| F|  |TAMS 0x000000070ea00000, 0x000000070ea00000| Untracked 
|  94|0x000000070ec00000, 0x000000070ec00000, 0x000000070ee00000|  0%| F|  |TAMS 0x000000070ec00000, 0x000000070ec00000| Untracked 
|  95|0x000000070ee00000, 0x000000070ee00000, 0x000000070f000000|  0%| F|  |TAMS 0x000000070ee00000, 0x000000070ee00000| Untracked 
|  96|0x000000070f000000, 0x000000070f000000, 0x000000070f200000|  0%| F|  |TAMS 0x000000070f000000, 0x000000070f000000| Untracked 
|  97|0x000000070f200000, 0x000000070f200000, 0x000000070f400000|  0%| F|  |TAMS 0x000000070f200000, 0x000000070f200000| Untracked 
|  98|0x000000070f400000, 0x000000070f400000, 0x000000070f600000|  0%| F|  |TAMS 0x000000070f400000, 0x000000070f400000| Untracked 
|  99|0x000000070f600000, 0x000000070f600000, 0x000000070f800000|  0%| F|  |TAMS 0x000000070f600000, 0x000000070f600000| Untracked 
| 100|0x000000070f800000, 0x000000070f800000, 0x000000070fa00000|  0%| F|  |TAMS 0x000000070f800000, 0x000000070f800000| Untracked 
| 101|0x000000070fa00000, 0x000000070fa00000, 0x000000070fc00000|  0%| F|  |TAMS 0x000000070fa00000, 0x000000070fa00000| Untracked 
| 102|0x000000070fc00000, 0x000000070fc00000, 0x000000070fe00000|  0%| F|  |TAMS 0x000000070fc00000, 0x000000070fc00000| Untracked 
| 103|0x000000070fe00000, 0x000000070fe00000, 0x0000000710000000|  0%| F|  |TAMS 0x000000070fe00000, 0x000000070fe00000| Untracked 
| 104|0x0000000710000000, 0x0000000710000000, 0x0000000710200000|  0%| F|  |TAMS 0x0000000710000000, 0x0000000710000000| Untracked 
| 105|0x0000000710200000, 0x0000000710200000, 0x0000000710400000|  0%| F|  |TAMS 0x0000000710200000, 0x0000000710200000| Untracked 
| 106|0x0000000710400000, 0x0000000710400000, 0x0000000710600000|  0%| F|  |TAMS 0x0000000710400000, 0x0000000710400000| Untracked 
| 107|0x0000000710600000, 0x0000000710600000, 0x0000000710800000|  0%| F|  |TAMS 0x0000000710600000, 0x0000000710600000| Untracked 
| 108|0x0000000710800000, 0x0000000710800000, 0x0000000710a00000|  0%| F|  |TAMS 0x0000000710800000, 0x0000000710800000| Untracked 
| 109|0x0000000710a00000, 0x0000000710a00000, 0x0000000710c00000|  0%| F|  |TAMS 0x0000000710a00000, 0x0000000710a00000| Untracked 
| 110|0x0000000710c00000, 0x0000000710c00000, 0x0000000710e00000|  0%| F|  |TAMS 0x0000000710c00000, 0x0000000710c00000| Untracked 
| 111|0x0000000710e00000, 0x0000000710e00000, 0x0000000711000000|  0%| F|  |TAMS 0x0000000710e00000, 0x0000000710e00000| Untracked 
| 112|0x0000000711000000, 0x0000000711000000, 0x0000000711200000|  0%| F|  |TAMS 0x0000000711000000, 0x0000000711000000| Untracked 
| 113|0x0000000711200000, 0x0000000711200000, 0x0000000711400000|  0%| F|  |TAMS 0x0000000711200000, 0x0000000711200000| Untracked 
| 114|0x0000000711400000, 0x0000000711400000, 0x0000000711600000|  0%| F|  |TAMS 0x0000000711400000, 0x0000000711400000| Untracked 
| 115|0x0000000711600000, 0x0000000711600000, 0x0000000711800000|  0%| F|  |TAMS 0x0000000711600000, 0x0000000711600000| Untracked 
| 116|0x0000000711800000, 0x0000000711800000, 0x0000000711a00000|  0%| F|  |TAMS 0x0000000711800000, 0x0000000711800000| Untracked 
| 117|0x0000000711a00000, 0x0000000711a00000, 0x0000000711c00000|  0%| F|  |TAMS 0x0000000711a00000, 0x0000000711a00000| Untracked 
| 118|0x0000000711c00000, 0x0000000711d4dee8, 0x0000000711e00000| 65%| S|CS|TAMS 0x0000000711c00000, 0x0000000711c00000| Complete 
| 119|0x0000000711e00000, 0x0000000711e00000, 0x0000000712000000|  0%| F|  |TAMS 0x0000000711e00000, 0x0000000711e00000| Untracked 
| 120|0x0000000712000000, 0x0000000712000000, 0x0000000712200000|  0%| F|  |TAMS 0x0000000712000000, 0x0000000712000000| Untracked 
| 121|0x0000000712200000, 0x0000000712200000, 0x0000000712400000|  0%| F|  |TAMS 0x0000000712200000, 0x0000000712200000| Untracked 
| 122|0x0000000712400000, 0x0000000712400000, 0x0000000712600000|  0%| F|  |TAMS 0x0000000712400000, 0x0000000712400000| Untracked 
| 123|0x0000000712600000, 0x0000000712600000, 0x0000000712800000|  0%| F|  |TAMS 0x0000000712600000, 0x0000000712600000| Untracked 
| 124|0x0000000712800000, 0x0000000712800000, 0x0000000712a00000|  0%| F|  |TAMS 0x0000000712800000, 0x0000000712800000| Untracked 
| 125|0x0000000712a00000, 0x0000000712c00000, 0x0000000712c00000|100%| E|  |TAMS 0x0000000712a00000, 0x0000000712a00000| Complete 
| 126|0x0000000712c00000, 0x0000000712e00000, 0x0000000712e00000|100%| E|CS|TAMS 0x0000000712c00000, 0x0000000712c00000| Complete 

Card table byte_map: [0x00000124eecf0000,0x00000124ef4e0000] _byte_map_base: 0x00000124eb4d8000

Marking Bits (Prev, Next): (CMBitMap*) 0x00000124e397c990, (CMBitMap*) 0x00000124e397c9d0
 Prev Bits: [0x00000124efcd0000, 0x00000124f3c10000)
 Next Bits: [0x00000124f3c10000, 0x00000124f7b50000)

Polling page: 0x00000124e17e0000

Metaspace:

Usage:
  Non-class:      9.01 MB used.
      Class:      1.43 MB used.
       Both:     10.44 MB used.

Virtual space:
  Non-class space:       64.00 MB reserved,       9.12 MB ( 14%) committed,  1 nodes.
      Class space:        1.00 GB reserved,       1.56 MB ( <1%) committed,  1 nodes.
             Both:        1.06 GB reserved,      10.69 MB ( <1%) committed. 

Chunk freelists:
   Non-Class:  5.95 MB
       Class:  14.44 MB
        Both:  20.39 MB

MaxMetaspaceSize: unlimited
CompressedClassSpaceSize: 1.00 GB
Initial GC threshold: 21.00 MB
Current GC threshold: 21.00 MB
CDS: on
MetaspaceReclaimPolicy: balanced
 - commit_granule_bytes: 65536.
 - commit_granule_words: 8192.
 - virtual_space_node_default_size: 8388608.
 - enlarge_chunks_in_place: 1.
 - new_chunks_are_fully_committed: 0.
 - uncommit_free_chunks: 1.
 - use_allocation_guard: 0.
 - handle_deallocations: 1.


Internal statistics:

num_allocs_failed_limit: 0.
num_arena_births: 302.
num_arena_deaths: 0.
num_vsnodes_births: 2.
num_vsnodes_deaths: 0.
num_space_committed: 171.
num_space_uncommitted: 0.
num_chunks_returned_to_freelist: 0.
num_chunks_taken_from_freelist: 602.
num_chunk_merges: 0.
num_chunk_splits: 364.
num_chunks_enlarged: 227.
num_inconsistent_stats: 0.

CodeCache: size=49152Kb used=4441Kb max_used=4441Kb free=44710Kb
 bounds [0x00000124eb3f0000, 0x00000124eb850000, 0x00000124ee3f0000]
 total_blobs=2346 nmethods=1883 adapters=389
 compilation: enabled
              stopped_count=0, restarted_count=0
 full_count=0

Compilation events (20 events):
Event: 12.796 Thread 0x00000124fa74a370 nmethod 1784 0x00000124eb820a90 code [0x00000124eb820c20, 0x00000124eb820d18]
Event: 12.798 Thread 0x00000124fa74a370 1785       1       jdk.internal.org.objectweb.asm.MethodVisitor::visitInsn (16 bytes)
Event: 12.798 Thread 0x00000124f7d46a90 nmethod 1783 0x00000124eb820d90 code [0x00000124eb820fa0, 0x00000124eb821568]
Event: 12.799 Thread 0x00000124f7d46a90 1786       1       java.lang.reflect.Modifier::isAbstract (14 bytes)
Event: 12.799 Thread 0x00000124fa74a370 nmethod 1785 0x00000124eb821790 code [0x00000124eb821920, 0x00000124eb821a08]
Event: 12.799 Thread 0x00000124f7d46a90 nmethod 1786 0x00000124eb821a90 code [0x00000124eb821c20, 0x00000124eb821cd8]
Event: 12.829 Thread 0x00000124fa74a370 1788       1       java.lang.Short::<init> (10 bytes)
Event: 12.830 Thread 0x00000124fa74a370 nmethod 1788 0x00000124eb822090 code [0x00000124eb822220, 0x00000124eb8222f8]
Event: 12.831 Thread 0x00000124fa74a370 1789       1       org.springframework.core.convert.converter.GenericConverter$ConvertiblePair::<init> (27 bytes)
Event: 12.832 Thread 0x00000124fa74a370 nmethod 1789 0x00000124eb822390 code [0x00000124eb822540, 0x00000124eb822838]
Event: 12.840 Thread 0x00000124f7d46a90 1790       1       java.lang.reflect.Constructor::getRoot (5 bytes)
Event: 12.841 Thread 0x00000124f7d46a90 nmethod 1790 0x00000124eb822990 code [0x00000124eb822b20, 0x00000124eb822bf8]
Event: 12.845 Thread 0x00000124fa74a370 1792       1       java.util.ImmutableCollections$List12::<init> (20 bytes)
Event: 12.846 Thread 0x00000124fa74a370 nmethod 1792 0x00000124eb822f90 code [0x00000124eb823140, 0x00000124eb823388]
Event: 12.854 Thread 0x00000124fa74a370 1793       1       java.lang.Module::canRead (86 bytes)
Event: 12.855 Thread 0x00000124f7d46a90 1794       1       java.util.Arrays::copyOfRange (90 bytes)
Event: 12.856 Thread 0x00000124fa74a370 nmethod 1793 0x00000124eb823490 code [0x00000124eb823720, 0x00000124eb824008]
Event: 12.857 Thread 0x00000124f7d46a90 nmethod 1794 0x00000124eb824390 code [0x00000124eb8245c0, 0x00000124eb824cd8]
Event: 14.899 Thread 0x00000124f7d46a90 1795   !   1       org.springframework.boot.context.properties.source.SpringConfigurationPropertySource::getConfigurationProperty (119 bytes)
Event: 14.899 Thread 0x00000124fa74a370 1796       1       org.springframework.boot.context.properties.source.DefaultPropertyMapper::map (53 bytes)

GC Heap History (4 events):
Event: 2.820 GC heap before
{Heap before GC invocations=0 (full 0):
 garbage-first heap   total 260096K, used 20480K [0x0000000703000000, 0x0000000800000000)
  region size 2048K, 11 young (22528K), 0 survivors (0K)
 Metaspace       used 6498K, committed 6656K, reserved 1114112K
  class space    used 814K, committed 896K, reserved 1048576K
}
Event: 2.831 GC heap after
{Heap after GC invocations=1 (full 0):
 garbage-first heap   total 260096K, used 9128K [0x0000000703000000, 0x0000000800000000)
  region size 2048K, 2 young (4096K), 2 survivors (4096K)
 Metaspace       used 6498K, committed 6656K, reserved 1114112K
  class space    used 814K, committed 896K, reserved 1048576K
}
Event: 12.738 GC heap before
{Heap before GC invocations=1 (full 0):
 garbage-first heap   total 260096K, used 25512K [0x0000000703000000, 0x0000000800000000)
  region size 2048K, 10 young (20480K), 2 survivors (4096K)
 Metaspace       used 9969K, committed 10240K, reserved 1114112K
  class space    used 1345K, committed 1472K, reserved 1048576K
}
Event: 12.753 GC heap after
{Heap after GC invocations=2 (full 0):
 garbage-first heap   total 260096K, used 10660K [0x0000000703000000, 0x0000000800000000)
  region size 2048K, 1 young (2048K), 1 survivors (2048K)
 Metaspace       used 9969K, committed 10240K, reserved 1114112K
  class space    used 1345K, committed 1472K, reserved 1048576K
}

Dll operation events (12 events):
Event: 0.023 Loaded shared library C:\Users\hp\.jdks\corretto-17.0.11\bin\java.dll
Event: 0.055 Loaded shared library C:\Users\hp\.jdks\corretto-17.0.11\bin\jsvml.dll
Event: 1.522 Loaded shared library C:\Users\hp\.jdks\corretto-17.0.11\bin\zip.dll
Event: 1.527 Loaded shared library C:\Users\hp\.jdks\corretto-17.0.11\bin\instrument.dll
Event: 1.543 Loaded shared library C:\Users\hp\.jdks\corretto-17.0.11\bin\net.dll
Event: 1.549 Loaded shared library C:\Users\hp\.jdks\corretto-17.0.11\bin\nio.dll
Event: 1.555 Loaded shared library C:\Users\hp\.jdks\corretto-17.0.11\bin\zip.dll
Event: 1.590 Loaded shared library C:\Users\hp\.jdks\corretto-17.0.11\bin\jimage.dll
Event: 1.841 Loaded shared library C:\Program Files\JetBrains\IntelliJ IDEA 2024.3.1\bin\breakgen64.dll
Event: 1.864 Loaded shared library C:\Users\hp\.jdks\corretto-17.0.11\bin\extnet.dll
Event: 1.880 Loaded shared library C:\Users\hp\.jdks\corretto-17.0.11\bin\management.dll
Event: 1.900 Loaded shared library C:\Users\hp\.jdks\corretto-17.0.11\bin\management_ext.dll

Deoptimization events (0 events):
No events

Classes unloaded (0 events):
No events

Classes redefined (0 events):
No events

Internal exceptions (20 events):
Event: 11.356 Thread 0x00000124e39102b0 Exception <a 'java/lang/NoSuchMethodError'{0x00000007124db9d8}: 'java.lang.Object java.lang.invoke.DirectMethodHandle$Holder.invokeStatic(java.lang.Object, java.lang.Object, long, java.lang.Object)'> (0x00000007124db9d8) 
thrown [s\src\hotspot\share\interpreter\linkResolver.cpp, line 759]
Event: 11.357 Thread 0x00000124e39102b0 Exception <a 'java/lang/NoSuchMethodError'{0x00000007124df1c8}: 'java.lang.Object java.lang.invoke.DirectMethodHandle$Holder.invokeStaticInit(java.lang.Object, java.lang.Object, long, java.lang.Object)'> (0x00000007124df1c8) 
thrown [s\src\hotspot\share\interpreter\linkResolver.cpp, line 759]
Event: 11.358 Thread 0x00000124e39102b0 Exception <a 'java/lang/NoSuchMethodError'{0x00000007124e5530}: 'java.lang.Object java.lang.invoke.DirectMethodHandle$Holder.newInvokeSpecial(java.lang.Object, java.lang.Object, long)'> (0x00000007124e5530) 
thrown [s\src\hotspot\share\interpreter\linkResolver.cpp, line 759]
Event: 11.475 Thread 0x00000124e39102b0 Exception <a 'java/lang/NoSuchMethodError'{0x00000007123413a0}: 'java.lang.Object java.lang.invoke.DirectMethodHandle$Holder.newInvokeSpecial(java.lang.Object, java.lang.Object, java.lang.Object, java.lang.Object, java.lang.Object, java.lang.Object, java.lang.Object)'> (0x00000007123413a0) 
thrown [s\src\hotspot\share\interpreter\linkResolver.cpp, line 759]
Event: 11.475 Thread 0x00000124e39102b0 Exception <a 'java/lang/NoSuchMethodError'{0x0000000712345cb0}: 'java.lang.Object java.lang.invoke.Invokers$Holder.linkToTargetMethod(java.lang.Object, java.lang.Object, java.lang.Object, java.lang.Object, java.lang.Object, java.lang.Object, java.lang.Object)'> (0x0000000712345cb0) 
thrown [s\src\hotspot\share\interpreter\linkResolver.cpp, line 759]
Event: 11.481 Thread 0x00000124e39102b0 Exception <a 'java/lang/NoSuchMethodError'{0x0000000712362de0}: 'void java.lang.invoke.DirectMethodHandle$Holder.invokeStaticInit(java.lang.Object, java.lang.Object)'> (0x0000000712362de0) 
thrown [s\src\hotspot\share\interpreter\linkResolver.cpp, line 759]
Event: 11.492 Thread 0x00000124e39102b0 Exception <a 'java/lang/NoSuchMethodError'{0x00000007123ab220}: 'int java.lang.invoke.DirectMethodHandle$Holder.invokeStatic(java.lang.Object, java.lang.Object, java.lang.Object, java.lang.Object)'> (0x00000007123ab220) 
thrown [s\src\hotspot\share\interpreter\linkResolver.cpp, line 759]
Event: 11.515 Thread 0x00000124e39102b0 Exception <a 'java/lang/NoSuchMethodError'{0x000000071200aa90}: 'java.lang.Object java.lang.invoke.DirectMethodHandle$Holder.invokeSpecial(java.lang.Object, java.lang.Object, java.lang.Object, java.lang.Object, java.lang.Object, java.lang.Object, int)'> (0x000000071200aa90) 
thrown [s\src\hotspot\share\interpreter\linkResolver.cpp, line 759]
Event: 11.516 Thread 0x00000124e39102b0 Exception <a 'java/lang/NoSuchMethodError'{0x0000000712014ff8}: 'java.lang.Object java.lang.invoke.DirectMethodHandle$Holder.newInvokeSpecial(java.lang.Object, java.lang.Object, java.lang.Object, java.lang.Object, java.lang.Object, java.lang.Object, int)'> (0x0000000712014ff8) 
thrown [s\src\hotspot\share\interpreter\linkResolver.cpp, line 759]
Event: 11.517 Thread 0x00000124e39102b0 Exception <a 'java/lang/NoSuchMethodError'{0x000000071201a038}: 'java.lang.Object java.lang.invoke.DirectMethodHandle$Holder.invokeSpecial(java.lang.Object, java.lang.Object, java.lang.Object, java.lang.Object, java.lang.Object, java.lang.Object, java.lang.Object, int)'> (0x000000071201a038) 
thrown [s\src\hotspot\share\interpreter\linkResolver.cpp, line 759]
Event: 11.576 Thread 0x00000124e39102b0 Exception <a 'java/lang/NoSuchMethodError'{0x000000071216be58}: 'void java.lang.invoke.DirectMethodHandle$Holder.invokeSpecial(java.lang.Object, java.lang.Object, java.lang.Object, java.lang.Object, java.lang.Object)'> (0x000000071216be58) 
thrown [s\src\hotspot\share\interpreter\linkResolver.cpp, line 759]
Event: 11.614 Thread 0x00000124e39102b0 Exception <a 'java/lang/NoSuchMethodError'{0x0000000711e52bc0}: 'java.lang.Object java.lang.invoke.DirectMethodHandle$Holder.invokeSpecial(java.lang.Object, java.lang.Object, java.lang.Object, int, java.lang.Object)'> (0x0000000711e52bc0) 
thrown [s\src\hotspot\share\interpreter\linkResolver.cpp, line 759]
Event: 11.614 Thread 0x00000124e39102b0 Exception <a 'java/lang/NoSuchMethodError'{0x0000000711e5b128}: 'java.lang.Object java.lang.invoke.DirectMethodHandle$Holder.newInvokeSpecial(java.lang.Object, java.lang.Object, java.lang.Object, int, java.lang.Object)'> (0x0000000711e5b128) 
thrown [s\src\hotspot\share\interpreter\linkResolver.cpp, line 759]
Event: 11.615 Thread 0x00000124e39102b0 Exception <a 'java/lang/NoSuchMethodError'{0x0000000711e62af8}: 'java.lang.Object java.lang.invoke.Invokers$Holder.linkToTargetMethod(java.lang.Object, java.lang.Object, int, java.lang.Object, java.lang.Object)'> (0x0000000711e62af8) 
thrown [s\src\hotspot\share\interpreter\linkResolver.cpp, line 759]
Event: 11.617 Thread 0x00000124e39102b0 Exception <a 'java/lang/NoSuchMethodError'{0x0000000711e71488}: 'java.lang.Object java.lang.invoke.DirectMethodHandle$Holder.newInvokeSpecial(java.lang.Object, int, java.lang.Object)'> (0x0000000711e71488) 
thrown [s\src\hotspot\share\interpreter\linkResolver.cpp, line 759]
Event: 11.617 Thread 0x00000124e39102b0 Exception <a 'java/lang/NoSuchMethodError'{0x0000000711e756f8}: 'int java.lang.invoke.DirectMethodHandle$Holder.invokeSpecialIFC(java.lang.Object, java.lang.Object, java.lang.Object, java.lang.Object)'> (0x0000000711e756f8) 
thrown [s\src\hotspot\share\interpreter\linkResolver.cpp, line 759]
Event: 12.671 Thread 0x00000124e39102b0 Exception <a 'java/lang/NoSuchMethodError'{0x0000000711f63f78}: 'void java.lang.invoke.DirectMethodHandle$Holder.invokeInterface(java.lang.Object, java.lang.Object, java.lang.Object)'> (0x0000000711f63f78) 
thrown [s\src\hotspot\share\interpreter\linkResolver.cpp, line 759]
Event: 12.730 Thread 0x00000124e39102b0 Exception <a 'java/lang/NoSuchMethodError'{0x0000000711fe95b8}: 'java.lang.Object java.lang.invoke.DirectMethodHandle$Holder.invokeVirtual(java.lang.Object, java.lang.Object, java.lang.Object)'> (0x0000000711fe95b8) 
thrown [s\src\hotspot\share\interpreter\linkResolver.cpp, line 759]
Event: 12.844 Thread 0x00000124e39102b0 Exception <a 'java/lang/NoSuchMethodError'{0x0000000712d97f28}: 'void java.lang.invoke.DirectMethodHandle$Holder.invokeStatic(java.lang.Object, java.lang.Object, int)'> (0x0000000712d97f28) 
thrown [s\src\hotspot\share\interpreter\linkResolver.cpp, line 759]
Event: 12.855 Thread 0x00000124e39102b0 Exception <a 'java/lang/NoSuchMethodError'{0x0000000712da9390}: 'void java.lang.invoke.DirectMethodHandle$Holder.invokeStaticInit(java.lang.Object, java.lang.Object, java.lang.Object)'> (0x0000000712da9390) 
thrown [s\src\hotspot\share\interpreter\linkResolver.cpp, line 759]

VM Operations (20 events):
Event: 8.206 Executing VM operation: HandshakeAllThreads
Event: 8.206 Executing VM operation: HandshakeAllThreads done
Event: 8.206 Executing VM operation: Cleanup
Event: 8.206 Executing VM operation: Cleanup done
Event: 9.210 Executing VM operation: Cleanup
Event: 9.306 Executing VM operation: Cleanup done
Event: 10.312 Executing VM operation: Cleanup
Event: 11.328 Executing VM operation: Cleanup done
Event: 11.586 Executing VM operation: HandshakeAllThreads
Event: 11.586 Executing VM operation: HandshakeAllThreads done
Event: 12.601 Executing VM operation: Cleanup
Event: 12.664 Executing VM operation: Cleanup done
Event: 12.738 Executing VM operation: G1CollectForAllocation
Event: 12.753 Executing VM operation: G1CollectForAllocation done
Event: 12.840 Executing VM operation: HandshakeAllThreads
Event: 12.840 Executing VM operation: HandshakeAllThreads done
Event: 12.846 Executing VM operation: HandshakeAllThreads
Event: 12.846 Executing VM operation: HandshakeAllThreads done
Event: 13.858 Executing VM operation: Cleanup
Event: 13.890 Executing VM operation: Cleanup done

Events (20 events):
Event: 12.770 loading class org/xml/sax/InputSource
Event: 12.770 loading class org/xml/sax/InputSource done
Event: 12.774 loading class java/nio/file/FileSystemNotFoundException
Event: 12.774 loading class java/nio/file/FileSystemNotFoundException done
Event: 12.786 loading class java/util/zip/ZipException
Event: 12.786 loading class java/util/zip/ZipException done
Event: 12.827 loading class java/lang/Byte$ByteCache
Event: 12.828 loading class java/lang/Byte$ByteCache done
Event: 12.828 loading class java/lang/Short$ShortCache
Event: 12.828 loading class java/lang/Short$ShortCache done
Event: 12.841 loading class java/util/function/IntUnaryOperator
Event: 12.841 loading class java/util/function/IntUnaryOperator done
Event: 12.843 loading class java/util/stream/IntPipeline$4
Event: 12.844 loading class java/util/stream/IntPipeline$4 done
Event: 12.847 loading class java/util/stream/ForEachOps$ForEachOp$OfInt
Event: 12.847 loading class java/util/stream/ForEachOps$ForEachOp$OfInt done
Event: 12.847 loading class java/util/stream/IntPipeline$4$1
Event: 12.848 loading class java/util/stream/IntPipeline$4$1 done
Event: 12.848 loading class java/util/RegularEnumSet$EnumSetIterator
Event: 12.849 loading class java/util/RegularEnumSet$EnumSetIterator done


Dynamic libraries:
0x00007ff7c07d0000 - 0x00007ff7c07de000 	C:\Users\hp\.jdks\corretto-17.0.11\bin\java.exe
0x00007ff96a600000 - 0x00007ff96a866000 	C:\WINDOWS\SYSTEM32\ntdll.dll
0x00007ff969e70000 - 0x00007ff969f39000 	C:\WINDOWS\System32\KERNEL32.DLL
0x00007ff9679b0000 - 0x00007ff967d7c000 	C:\WINDOWS\System32\KERNELBASE.dll
0x00007ff967fc0000 - 0x00007ff96810b000 	C:\WINDOWS\System32\ucrtbase.dll
0x00007ff959570000 - 0x00007ff959587000 	C:\Users\hp\.jdks\corretto-17.0.11\bin\jli.dll
0x00007ff959110000 - 0x00007ff95912b000 	C:\Users\hp\.jdks\corretto-17.0.11\bin\VCRUNTIME140.dll
0x00007ff96a270000 - 0x00007ff96a43a000 	C:\WINDOWS\System32\USER32.dll
0x00007ff968390000 - 0x00007ff9683b7000 	C:\WINDOWS\System32\win32u.dll
0x00007ff968b40000 - 0x00007ff968b6b000 	C:\WINDOWS\System32\GDI32.dll
0x00007ff94a820000 - 0x00007ff94aaba000 	C:\WINDOWS\WinSxS\amd64_microsoft.windows.common-controls_6595b64144ccf1df_6.0.26100.3912_none_3e07963ce335137e\COMCTL32.dll
0x00007ff968b70000 - 0x00007ff968c19000 	C:\WINDOWS\System32\msvcrt.dll
0x00007ff968110000 - 0x00007ff968242000 	C:\WINDOWS\System32\gdi32full.dll
0x00007ff9682e0000 - 0x00007ff968383000 	C:\WINDOWS\System32\msvcp_win.dll
0x00007ff968c20000 - 0x00007ff968c50000 	C:\WINDOWS\System32\IMM32.DLL
0x0000000063790000 - 0x000000006379c000 	C:\Program Files (x86)\360\Total Security\safemon\SafeWrapper.dll
0x00007ff96a440000 - 0x00007ff96a4f2000 	C:\WINDOWS\System32\ADVAPI32.dll
0x00007ff968a90000 - 0x00007ff968b36000 	C:\WINDOWS\System32\sechost.dll
0x00007ff969ae0000 - 0x00007ff969bf6000 	C:\WINDOWS\System32\RPCRT4.dll
0x00007ff94bf40000 - 0x00007ff94bfec000 	C:\Program Files (x86)\360\Total Security\safemon\libzdtp64.dll
0x00007ff969330000 - 0x00007ff969a5d000 	C:\WINDOWS\System32\SHELL32.dll
0x00007ff967d80000 - 0x00007ff967ef4000 	C:\WINDOWS\System32\wintypes.dll
0x00007ff9683c0000 - 0x00007ff968744000 	C:\WINDOWS\System32\combase.dll
0x00007ff968c60000 - 0x00007ff968cc9000 	C:\WINDOWS\System32\SHLWAPI.dll
0x00007ff967090000 - 0x00007ff96709b000 	C:\WINDOWS\SYSTEM32\VERSION.dll
0x00007ff9641c0000 - 0x00007ff9641cc000 	C:\Users\hp\.jdks\corretto-17.0.11\bin\vcruntime140_1.dll
0x00007ff94beb0000 - 0x00007ff94bf3d000 	C:\Users\hp\.jdks\corretto-17.0.11\bin\msvcp140.dll
0x00007ff8c7560000 - 0x00007ff8c81c2000 	C:\Users\hp\.jdks\corretto-17.0.11\bin\server\jvm.dll
0x00007ff9675e0000 - 0x00007ff96763e000 	C:\WINDOWS\SYSTEM32\POWRPROF.dll
0x00007ff9445a0000 - 0x00007ff9445aa000 	C:\WINDOWS\SYSTEM32\WSOCK32.dll
0x00007ff94b930000 - 0x00007ff94b966000 	C:\WINDOWS\SYSTEM32\WINMM.dll
0x00007ff96a1f0000 - 0x00007ff96a264000 	C:\WINDOWS\System32\WS2_32.dll
0x00007ff9675c0000 - 0x00007ff9675d4000 	C:\WINDOWS\SYSTEM32\UMPDC.dll
0x00007ff9664a0000 - 0x00007ff9664ba000 	C:\WINDOWS\SYSTEM32\kernel.appcore.dll
0x00007ff961b90000 - 0x00007ff961b9a000 	C:\Users\hp\.jdks\corretto-17.0.11\bin\jimage.dll
0x00007ff9644a0000 - 0x00007ff9646e1000 	C:\WINDOWS\SYSTEM32\DBGHELP.DLL
0x00007ff968990000 - 0x00007ff968a70000 	C:\WINDOWS\System32\OLEAUT32.dll
0x00007ff94e0f0000 - 0x00007ff94e129000 	C:\WINDOWS\SYSTEM32\dbgcore.DLL
0x00007ff967790000 - 0x00007ff967829000 	C:\WINDOWS\System32\bcryptPrimitives.dll
0x00007ff9642b0000 - 0x00007ff9642be000 	C:\Users\hp\.jdks\corretto-17.0.11\bin\instrument.dll
0x00007ff94ce00000 - 0x00007ff94ce25000 	C:\Users\hp\.jdks\corretto-17.0.11\bin\java.dll
0x00007ff94a600000 - 0x00007ff94a6d7000 	C:\Users\hp\.jdks\corretto-17.0.11\bin\jsvml.dll
0x00007ff965370000 - 0x00007ff965bc6000 	C:\WINDOWS\SYSTEM32\windows.storage.dll
0x00007ff969d10000 - 0x00007ff969dff000 	C:\WINDOWS\System32\SHCORE.dll
0x00007ff9676a0000 - 0x00007ff9676cf000 	C:\WINDOWS\SYSTEM32\profapi.dll
0x00007ff94be90000 - 0x00007ff94bea8000 	C:\Users\hp\.jdks\corretto-17.0.11\bin\zip.dll
0x00007ff94c660000 - 0x00007ff94c679000 	C:\Users\hp\.jdks\corretto-17.0.11\bin\net.dll
0x00007ff95aca0000 - 0x00007ff95adbe000 	C:\WINDOWS\SYSTEM32\WINHTTP.dll
0x00007ff9669f0000 - 0x00007ff966a5a000 	C:\WINDOWS\system32\mswsock.dll
0x00007ff94c470000 - 0x00007ff94c486000 	C:\Users\hp\.jdks\corretto-17.0.11\bin\nio.dll
0x00007ff964290000 - 0x00007ff9642aa000 	C:\Program Files\JetBrains\IntelliJ IDEA 2024.3.1\bin\breakgen64.dll
0x00007ff966040000 - 0x00007ff966167000 	C:\WINDOWS\SYSTEM32\DNSAPI.dll
0x00007ff965f70000 - 0x00007ff965fa3000 	C:\WINDOWS\SYSTEM32\IPHLPAPI.DLL
0x00007ff969d00000 - 0x00007ff969d0a000 	C:\WINDOWS\System32\NSI.dll
0x00007ff958e80000 - 0x00007ff958e8b000 	C:\Windows\System32\rasadhlp.dll
0x00007ff950cc0000 - 0x00007ff950cc9000 	C:\Users\hp\.jdks\corretto-17.0.11\bin\extnet.dll
0x00007ff958c60000 - 0x00007ff958ce6000 	C:\WINDOWS\System32\fwpuclnt.dll
0x00007ff964280000 - 0x00007ff964289000 	C:\Users\hp\.jdks\corretto-17.0.11\bin\management.dll
0x00007ff964270000 - 0x00007ff96427b000 	C:\Users\hp\.jdks\corretto-17.0.11\bin\management_ext.dll
0x00007ff968a80000 - 0x00007ff968a88000 	C:\WINDOWS\System32\PSAPI.DLL
0x00007ff966db0000 - 0x00007ff966dcc000 	C:\WINDOWS\SYSTEM32\CRYPTSP.dll
0x00007ff966400000 - 0x00007ff96643a000 	C:\WINDOWS\system32\rsaenh.dll
0x00007ff966a90000 - 0x00007ff966abb000 	C:\WINDOWS\SYSTEM32\USERENV.dll
0x00007ff967670000 - 0x00007ff967696000 	C:\WINDOWS\SYSTEM32\bcrypt.dll
0x00007ff966c20000 - 0x00007ff966c2c000 	C:\WINDOWS\SYSTEM32\CRYPTBASE.dll
0x00007ff95ac20000 - 0x00007ff95ac3f000 	C:\WINDOWS\SYSTEM32\dhcpcsvc6.DLL
0x00007ff95abf0000 - 0x00007ff95ac15000 	C:\WINDOWS\SYSTEM32\dhcpcsvc.DLL
0x00007ff941470000 - 0x00007ff941488000 	C:\WINDOWS\system32\napinsp.dll
0x00007ff9413f0000 - 0x00007ff941402000 	C:\WINDOWS\System32\winrnr.dll
0x00007ff9413b0000 - 0x00007ff9413e0000 	C:\WINDOWS\system32\nlansp_c.dll
0x00007ff958e90000 - 0x00007ff958ea6000 	C:\WINDOWS\system32\wshbth.dll
0x00007ff941410000 - 0x00007ff94145e000 	C:\WINDOWS\SYSTEM32\pdh.dll

dbghelp: loaded successfully - version: 4.0.5 - missing functions: none
symbol engine: initialized successfully - sym options: 0x614 - pdb path: .;C:\Users\hp\.jdks\corretto-17.0.11\bin;C:\WINDOWS\SYSTEM32;C:\WINDOWS\WinSxS\amd64_microsoft.windows.common-controls_6595b64144ccf1df_6.0.26100.3912_none_3e07963ce335137e;C:\Program Files (x86)\360\Total Security\safemon;C:\Users\hp\.jdks\corretto-17.0.11\bin\server;C:\Program Files\JetBrains\IntelliJ IDEA 2024.3.1\bin

VM Arguments:
jvm_args: -XX:TieredStopAtLevel=1 -Dspring.output.ansi.enabled=always -Dcom.sun.management.jmxremote -Dspring.jmx.enabled=true -Dspring.liveBeansView.mbeanDomain -Dspring.application.admin.enabled=true -Dmanagement.endpoints.jmx.exposure.include=* -javaagent:C:\Program Files\JetBrains\IntelliJ IDEA 2024.3.1\lib\idea_rt.jar=65128:C:\Program Files\JetBrains\IntelliJ IDEA 2024.3.1\bin -Dfile.encoding=UTF-8 
java_command: net.achraf.activite2.Activite2Application
java_class_path (initial): C:\Users\hp\Documents\ENSET-MASTER\jee\activite-2\target\classes;C:\Users\hp\.m2\repository\org\springframework\boot\spring-boot-starter-data-jpa\3.4.5\spring-boot-starter-data-jpa-3.4.5.jar;C:\Users\hp\.m2\repository\org\springframework\boot\spring-boot-starter\3.4.5\spring-boot-starter-3.4.5.jar;C:\Users\hp\.m2\repository\org\springframework\boot\spring-boot\3.4.5\spring-boot-3.4.5.jar;C:\Users\hp\.m2\repository\org\springframework\boot\spring-boot-autoconfigure\3.4.5\spring-boot-autoconfigure-3.4.5.jar;C:\Users\hp\.m2\repository\org\springframework\boot\spring-boot-starter-logging\3.4.5\spring-boot-starter-logging-3.4.5.jar;C:\Users\hp\.m2\repository\ch\qos\logback\logback-classic\1.5.18\logback-classic-1.5.18.jar;C:\Users\hp\.m2\repository\ch\qos\logback\logback-core\1.5.18\logback-core-1.5.18.jar;C:\Users\hp\.m2\repository\org\apache\logging\log4j\log4j-to-slf4j\2.24.3\log4j-to-slf4j-2.24.3.jar;C:\Users\hp\.m2\repository\org\apache\logging\log4j\log4j-api\2.24.3\log4j-api-2.24.3.jar;C:\Users\hp\.m2\repository\org\slf4j\jul-to-slf4j\2.0.17\jul-to-slf4j-2.0.17.jar;C:\Users\hp\.m2\repository\jakarta\annotation\jakarta.annotation-api\2.1.1\jakarta.annotation-api-2.1.1.jar;C:\Users\hp\.m2\repository\org\yaml\snakeyaml\2.3\snakeyaml-2.3.jar;C:\Users\hp\.m2\repository\org\springframework\boot\spring-boot-starter-jdbc\3.4.5\spring-boot-starter-jdbc-3.4.5.jar;C:\Users\hp\.m2\repository\com\zaxxer\HikariCP\5.1.0\HikariCP-5.1.0.jar;C:\Users\hp\.m2\repository\org\springframework\spring-jdbc\6.2.6\spring-jdbc-6.2.6.jar;C:\Users\hp\.m2\repository\org\hibernate\orm\hibernate-core\6.6.13.Final\hibernate-core-6.6.13.Final.jar;C:\Users\hp\.m2\repository\jakarta\persistence\jakarta.persistence-api\3.1.0\jakarta.persistence-api-3.1.0.jar;C:\Users\hp\.m2\repository\jakarta\transaction\jakarta.transaction-api\2.0.1\jakarta.transaction-api-2.0.1.jar;C:\Users\hp\.m2\repository\org\jboss\logging\jboss-logging\3.6.1.Final\jboss-logging-3.6.1.Final.jar;C:\Use
Launcher Type: SUN_STANDARD

[Global flags]
     intx CICompilerCount                          = 4                                         {product} {ergonomic}
     uint ConcGCThreads                            = 2                                         {product} {ergonomic}
     uint G1ConcRefinementThreads                  = 8                                         {product} {ergonomic}
   size_t G1HeapRegionSize                         = 2097152                                   {product} {ergonomic}
    uintx GCDrainStackTargetSize                   = 64                                        {product} {ergonomic}
   size_t InitialHeapSize                          = 266338304                                 {product} {ergonomic}
     bool ManagementServer                         = true                                      {product} {command line}
   size_t MarkStackSize                            = 4194304                                   {product} {ergonomic}
   size_t MaxHeapSize                              = 4244635648                                {product} {ergonomic}
   size_t MaxNewSize                               = 2545942528                                {product} {ergonomic}
   size_t MinHeapDeltaBytes                        = 2097152                                   {product} {ergonomic}
   size_t MinHeapSize                              = 8388608                                   {product} {ergonomic}
    uintx NonProfiledCodeHeapSize                  = 0                                      {pd product} {ergonomic}
     bool ProfileInterpreter                       = false                                  {pd product} {command line}
    uintx ProfiledCodeHeapSize                     = 0                                      {pd product} {ergonomic}
   size_t SoftMaxHeapSize                          = 4244635648                             {manageable} {ergonomic}
     intx TieredStopAtLevel                        = 1                                         {product} {command line}
     bool UseCompressedClassPointers               = true                           {product lp64_product} {ergonomic}
     bool UseCompressedOops                        = true                           {product lp64_product} {ergonomic}
     bool UseG1GC                                  = true                                      {product} {ergonomic}
     bool UseLargePagesIndividualAllocation        = false                                  {pd product} {ergonomic}

Logging:
Log output configuration:
 #0: stdout all=warning uptime,level,tags
 #1: stderr all=off uptime,level,tags

Environment Variables:
PATH=C:\oraclexe\app\oracle\product\11.2.0\server\bin;C:\Program Files (x86)\VMware\VMware Player\bin\;C:\Program Files\Common Files\Oracle\Java\javapath;C:\app\hp\product\18.0.0\dbhomeXE\bin;C:\WINDOWS\system32;C:\WINDOWS;C:\WINDOWS\System32\Wbem;C:\WINDOWS\System32\WindowsPowerShell\v1.0\;C:\WINDOWS\System32\OpenSSH\;C:\Program Files\dotnet\;C:\xampp\php;C:\ProgramData\ComposerSetup\bin;C:\nginx;C:\Users\hp\AppData\Roaming\nvm;C:\Program Files\nodejs;C:\Program Files\MongoDB\Server\6.0\bin;C:\mongodb-tools\bin;C:\Program Files\Git\cmd;C:\Program Files\Docker\Docker\resources\bin;C:\Users\hp\AppData\Local\Programs\Python\Python313\Scripts\;C:\Users\hp\AppData\Local\Programs\Python\Python313\;C:\Users\hp\AppData\Local\Microsoft\WindowsApps;C:\Users\hp\.dotnet\tools;C:\Users\hp\AppData\Local\Programs\Microsoft VS Code\bin;C:\Users\hp\AppData\Local\GitHubDesktop\bin;C:\Users\hp\AppData\Roaming\Composer\vendor\bin;C:\Users\hp\AppData\Roaming\nvm;C:\Program Files\nodejs;C:\Program Files\MongoDB\Server\6.0\bin;
USERNAME=hp
OS=Windows_NT
PROCESSOR_IDENTIFIER=Intel64 Family 6 Model 142 Stepping 12, GenuineIntel
TMP=C:\Users\hp\AppData\Local\Temp
TEMP=C:\Users\hp\AppData\Local\Temp



Periodic native trim disabled


---------------  S Y S T E M  ---------------

OS:
 Windows 11 , 64 bit Build 26100 (10.0.26100.3912)
OS uptime: 0 days 1:46 hours
Hyper-V role detected

CPU: total 8 (initial active 8) (4 cores per cpu, 2 threads per core) family 6 model 142 stepping 12 microcode 0xf0, cx8, cmov, fxsr, ht, mmx, 3dnowpref, sse, sse2, sse3, ssse3, sse4.1, sse4.2, popcnt, lzcnt, tsc, tscinvbit, avx, avx2, aes, erms, clmul, bmi1, bmi2, adx, fma, vzeroupper, clflush, clflushopt, hv
Processor Information for all 8 processors :
  Max Mhz: 2112, Current Mhz: 1910, Mhz Limit: 1900

Memory: 4k page, system-wide physical 16190M (4763M free)
TotalPageFile size 16190M (AvailPageFile size 180M)
current process WorkingSet (physical memory assigned to process): 94M, peak: 94M
current process commit charge ("private bytes"): 359M, peak: 360M

vm_info: OpenJDK 64-Bit Server VM (17.0.11+9-LTS) for windows-amd64 JRE (17.0.11+9-LTS), built on Apr 10 2024 22:12:24 by "Administrator" with MS VC++ 16.10 / 16.11 (VS2019)

END.
